21:11:57.300 INFO  o.b.c.a.StaticComponentContainer - (StaticComponentContainer.java:366) - No custom properties found for file burningwave.static.properties
21:11:57.301 INFO  o.b.c.a.StaticComponentContainer - (StaticComponentContainer.java:368) - Instantiated org.burningwave.core.SLF4JManagedLoggerRepository
21:11:57.302 INFO  o.b.c.a.StaticComponentContainer - (StaticComponentContainer.java:369) - 

	Configuration values for static components:

		background-executor.all-tasks-monitoring.enabled=\
			true
		background-executor.all-tasks-monitoring.interval=\
			30000
		background-executor.all-tasks-monitoring.logger.enabled=\
			false
		background-executor.all-tasks-monitoring.minimum-elapsed-time-to-consider-a-task-as-probable-dead-locked=\
			300000
		background-executor.all-tasks-monitoring.probable-dead-locked-tasks-handling.policy=\
			log only
		background-executor.queued-task-executor[0].name=\
			Low priority tasks
		background-executor.queued-task-executor[0].priority=\
			1
		background-executor.queued-task-executor[1].name=\
			Normal priority tasks
		background-executor.queued-task-executor[1].priority=\
			5
		background-executor.queued-task-executor[2].name=\
			High priority tasks
		background-executor.queued-task-executor[2].priority=\
			10
		background-executor.task-creation-tracking.enabled=\
			${background-executor.all-tasks-monitoring.enabled}
		banner.additonal-informations=\
			${Implementation-Title} ${Implementation-Version}
		banner.additonal-informations.retrieve-from-manifest-file-with-implementation-title=\
			Burningwave Core
		banner.file=\
			org/burningwave/banner.bwb
		banner.hide=\
			false
		buffer-handler.default-allocation-mode=\
			ByteBuffer::allocateDirect
		buffer-handler.default-buffer-size=\
			1024
		group-name-for-named-elements=\
			Burningwave
		iterable-object-helper.default-values-separator=\
			;
		iterable-object-helper.parallel-iteration.applicability.default-minimum-collection-size=\
			2
		iterable-object-helper.parallel-iteration.applicability.max-runtime-thread-count-threshold=\
			autodetect
		iterable-object-helper.parallel-iteration.applicability.output-collection-enabled-types=\
			java.util.concurrent.ConcurrentHashMap$CollectionView;\
			java.util.Collections$SynchronizedCollection;\
			java.util.concurrent.CopyOnWriteArrayList;\
			java.util.concurrent.CopyOnWriteArraySet;\
			java.util.concurrent.BlockingQueue;\
			java.util.concurrent.ConcurrentSkipListSet;\
			java.util.concurrent.ConcurrentSkipListMap$EntrySet;\
			java.util.concurrent.ConcurrentSkipListMap$KeySet;\
			java.util.concurrent.ConcurrentSkipListMap$Values;
		jvm.driver.init=\
			false
		managed-logger.repository=\
			autodetect
		managed-logger.repository.enabled=\
			true
		managed-logger.repository.logging.warn.disabled-for=\
			org.burningwave.core.assembler.ComponentContainer$ClassLoader;\
			org.burningwave.core.classes.MemoryClassLoader;\
			org.burningwave.core.classes.PathScannerClassLoader;
		modules.export-all-to-all=\
			true
		resource-releaser.enabled=\
			true
		synchronizer.all-threads-monitoring.enabled=\
			false
		synchronizer.all-threads-monitoring.interval=\
			90000
		thread-supplier.default-daemon-flag-value=\
			true
		thread-supplier.default-thread-priority=\
			5
		thread-supplier.max-detached-thread-count=\
			${thread-supplier.max-poolable-thread-count}
		thread-supplier.max-detached-thread-count.elapsed-time-threshold-from-last-increase-for-gradual-decreasing-to-initial-value=\
			30000
		thread-supplier.max-detached-thread-count.increasing-step=\
			autodetect
		thread-supplier.max-poolable-thread-count=\
			autodetect
		thread-supplier.poolable-thread-request-timeout=\
			6000


21:11:57.303 INFO  o.burningwave.core.jvm.BufferHandler - (BufferHandler.java:127) - default buffer size: 1024 bytes
21:11:57.304 INFO  o.burningwave.core.jvm.BufferHandler - (BufferHandler.java:141) - default allocation mode: ByteBuffer::allocateDirect
21:11:57.305 INFO  org.burningwave.core.Cache - (Cache.java:76) - Building cache
21:11:57.314 INFO  o.b.c.a.StaticComponentContainer - (StaticComponentContainer.java:443) - org.burningwave.core.assembler.StaticComponentContainer initialized in 0.213306959 seconds
21:11:57.498 INFO  it.camera.stampati.Starter - Starting Starter using Java 21.0.6 with PID 738 (/Users/manuel/workspace/stampati/bin/main started by manuel in /Users/manuel/workspace/stampati)
21:11:57.498 INFO  it.camera.stampati.Starter - No active profile set, falling back to 1 default profile: "default"
21:11:57.945 INFO  o.a.coyote.http11.Http11NioProtocol - Initializing ProtocolHandler ["http-nio-8080"]
21:11:57.946 INFO  o.a.catalina.core.StandardService - Starting service [Tomcat]
21:11:57.946 INFO  o.a.catalina.core.StandardEngine - Starting Servlet engine: [Apache Tomcat/10.1.34]
21:11:57.963 INFO  o.a.c.c.C.[Tomcat].[localhost].[/] - Initializing Spring embedded WebApplicationContext
21:11:58.018 INFO  o.h.jpa.internal.util.LogHelper - HHH000204: Processing PersistenceUnitInfo [name: default]
21:11:58.049 INFO  org.hibernate.Version - HHH000412: Hibernate ORM core version 6.6.4.Final
21:11:58.063 INFO  o.h.c.i.RegionFactoryInitiator - HHH000026: Second-level cache disabled
21:11:58.192 INFO  com.zaxxer.hikari.HikariDataSource - HikariPool-1 - Starting...
21:11:58.300 INFO  com.zaxxer.hikari.pool.HikariPool - HikariPool-1 - Added connection org.postgresql.jdbc.PgConnection@46994f26
21:11:58.300 INFO  com.zaxxer.hikari.HikariDataSource - HikariPool-1 - Start completed.
21:11:58.330 WARN  org.hibernate.orm.deprecation - HHH90000025: PostgreSQLDialect does not need to be specified explicitly using 'hibernate.dialect' (remove the property setting and it will be selected by default)
21:11:58.580 INFO  o.h.e.t.j.p.i.JtaPlatformInitiator - HHH000489: No JTA platform available (set 'hibernate.transaction.jta.platform' to enable JTA platform integration)
21:11:59.748 INFO  o.a.coyote.http11.Http11NioProtocol - Starting ProtocolHandler ["http-nio-8080"]
21:11:59.759 INFO  it.camera.stampati.Starter - Started Starter in 2.378 seconds (process running for 2.685)
21:12:03.667 INFO  o.a.c.c.C.[Tomcat].[localhost].[/] - Initializing Spring DispatcherServlet 'dispatcherServlet'
21:12:04.351 INFO  i.c.stampati.service.UtilityService - Latest legislature found: 19
21:12:04.351 INFO  i.c.s.controller.UtilityController - Successfully retrieved the latest legislature: 19
21:12:05.815 DEBUG i.c.s.controller.StampatiController - Entering StampatoController newToProcess method with leg: 19, format: html
21:12:05.815 INFO  i.c.stampati.service.StampatiService - Starting to process stampati for legislatura 19 and format HTML
21:12:05.921 INFO  i.c.stampati.service.StampatiService - Processed 27 stampati to process
21:12:05.921 DEBUG i.c.s.controller.StampatiController - Found 27 stampati to process.
21:12:08.185 DEBUG i.c.s.controller.StampatiController - Entering StampatoController newToProcess method with leg: 19, format: pdf
21:12:08.185 INFO  i.c.stampati.service.StampatiService - Starting to process stampati for legislatura 19 and format PDF
21:12:08.193 INFO  i.c.stampati.service.StampatiService - Processed 19 stampati to process
21:12:08.193 DEBUG i.c.s.controller.StampatiController - Found 19 stampati to process.
21:12:09.232 INFO  i.c.s.controller.UtilityController - Request preview of: 19PDL0111470.pdf
21:13:14.246 INFO  i.c.stampati.service.UtilityService - Latest legislature found: 19
21:13:14.247 INFO  i.c.s.controller.UtilityController - Successfully retrieved the latest legislature: 19
21:19:07.844 INFO  i.c.stampati.service.UtilityService - Latest legislature found: 19
21:19:07.845 INFO  i.c.s.controller.UtilityController - Successfully retrieved the latest legislature: 19
21:19:15.664 DEBUG i.c.s.controller.StampatiController - Entering StampatoController newToProcess method with leg: 19, format: html
21:19:15.664 INFO  i.c.stampati.service.StampatiService - Starting to process stampati for legislatura 19 and format HTML
21:19:15.671 INFO  i.c.stampati.service.StampatiService - Processed 27 stampati to process
21:19:15.671 DEBUG i.c.s.controller.StampatiController - Found 27 stampati to process.
21:19:16.693 DEBUG i.c.s.controller.StampatiController - Entering StampatoController newToProcess method with leg: 19, format: pdf
21:19:16.694 INFO  i.c.stampati.service.StampatiService - Starting to process stampati for legislatura 19 and format PDF
21:19:16.704 INFO  i.c.stampati.service.StampatiService - Processed 19 stampati to process
21:19:16.705 DEBUG i.c.s.controller.StampatiController - Found 19 stampati to process.
21:19:17.959 INFO  i.c.s.controller.UtilityController - Request preview of: 19PDL0111470.pdf
21:20:34.429 INFO  i.c.stampati.service.UtilityService - Latest legislature found: 19
21:20:34.430 INFO  i.c.s.controller.UtilityController - Successfully retrieved the latest legislature: 19
21:21:18.103 DEBUG i.c.s.controller.StampatiController - Entering StampatoController newToProcess method with leg: 19, format: html
21:21:18.103 INFO  i.c.stampati.service.StampatiService - Starting to process stampati for legislatura 19 and format HTML
21:21:18.108 INFO  i.c.stampati.service.StampatiService - Processed 27 stampati to process
21:21:18.108 DEBUG i.c.s.controller.StampatiController - Found 27 stampati to process.
21:21:19.090 DEBUG i.c.s.controller.StampatiController - Entering StampatoController newToProcess method with leg: 19, format: pdf
21:21:19.090 INFO  i.c.stampati.service.StampatiService - Starting to process stampati for legislatura 19 and format PDF
21:21:19.099 INFO  i.c.stampati.service.StampatiService - Processed 19 stampati to process
21:21:19.100 DEBUG i.c.s.controller.StampatiController - Found 19 stampati to process.
21:21:20.261 INFO  i.c.s.controller.UtilityController - Request preview of: 19PDL0111470.pdf
21:27:22.187 INFO  i.c.stampati.service.UtilityService - Latest legislature found: 19
21:27:22.187 INFO  i.c.s.controller.UtilityController - Successfully retrieved the latest legislature: 19
21:27:24.808 DEBUG i.c.s.controller.StampatiController - Entering StampatoController newToProcess method with leg: 19, format: html
21:27:24.808 INFO  i.c.stampati.service.StampatiService - Starting to process stampati for legislatura 19 and format HTML
21:27:24.813 INFO  i.c.stampati.service.StampatiService - Processed 27 stampati to process
21:27:24.814 DEBUG i.c.s.controller.StampatiController - Found 27 stampati to process.
21:27:26.204 DEBUG i.c.s.controller.StampatiController - Entering StampatoController newToProcess method with leg: 19, format: pdf
21:27:26.205 INFO  i.c.stampati.service.StampatiService - Starting to process stampati for legislatura 19 and format PDF
21:27:26.212 INFO  i.c.stampati.service.StampatiService - Processed 19 stampati to process
21:27:26.212 DEBUG i.c.s.controller.StampatiController - Found 19 stampati to process.
21:27:27.094 INFO  i.c.s.controller.UtilityController - Request preview of: 19PDL0111470.pdf
21:27:54.382 INFO  i.c.stampati.service.UtilityService - Latest legislature found: 19
21:27:54.383 INFO  i.c.s.controller.UtilityController - Successfully retrieved the latest legislature: 19
21:27:56.218 DEBUG i.c.s.controller.StampatiController - Entering StampatoController newToProcess method with leg: 19, format: html
21:27:56.218 INFO  i.c.stampati.service.StampatiService - Starting to process stampati for legislatura 19 and format HTML
21:27:56.223 INFO  i.c.stampati.service.StampatiService - Processed 27 stampati to process
21:27:56.223 DEBUG i.c.s.controller.StampatiController - Found 27 stampati to process.
21:27:57.343 DEBUG i.c.s.controller.StampatiController - Entering StampatoController newToProcess method with leg: 19, format: pdf
21:27:57.343 INFO  i.c.stampati.service.StampatiService - Starting to process stampati for legislatura 19 and format PDF
21:27:57.353 INFO  i.c.stampati.service.StampatiService - Processed 19 stampati to process
21:27:57.353 DEBUG i.c.s.controller.StampatiController - Found 19 stampati to process.
21:27:58.481 INFO  i.c.s.controller.UtilityController - Request preview of: 19PDL0111470.pdf
21:30:37.667 INFO  i.c.stampati.service.UtilityService - Latest legislature found: 19
21:30:37.668 INFO  i.c.s.controller.UtilityController - Successfully retrieved the latest legislature: 19
21:31:52.719 INFO  i.c.stampati.service.UtilityService - Latest legislature found: 19
21:31:52.719 INFO  i.c.s.controller.UtilityController - Successfully retrieved the latest legislature: 19
21:32:21.286 DEBUG i.c.s.controller.StampatiController - Entering StampatoController newToProcess method with leg: 19, format: html
21:32:21.286 INFO  i.c.stampati.service.StampatiService - Starting to process stampati for legislatura 19 and format HTML
21:32:21.290 INFO  i.c.stampati.service.StampatiService - Processed 27 stampati to process
21:32:21.291 DEBUG i.c.s.controller.StampatiController - Found 27 stampati to process.
21:32:22.479 DEBUG i.c.s.controller.StampatiController - Entering StampatoController newToProcess method with leg: 19, format: pdf
21:32:22.479 INFO  i.c.stampati.service.StampatiService - Starting to process stampati for legislatura 19 and format PDF
21:32:22.484 INFO  i.c.stampati.service.StampatiService - Processed 19 stampati to process
21:32:22.484 DEBUG i.c.s.controller.StampatiController - Found 19 stampati to process.
21:32:23.378 INFO  i.c.s.controller.UtilityController - Request preview of: 19PDL0111470.pdf
21:32:34.573 INFO  i.c.stampati.service.UtilityService - Latest legislature found: 19
21:32:34.574 INFO  i.c.s.controller.UtilityController - Successfully retrieved the latest legislature: 19
21:33:03.682 INFO  i.c.stampati.service.UtilityService - Latest legislature found: 19
21:33:03.682 INFO  i.c.s.controller.UtilityController - Successfully retrieved the latest legislature: 19
21:33:07.463 DEBUG i.c.s.controller.StampatiController - Entering StampatoController newToProcess method with leg: 19, format: html
21:33:07.463 INFO  i.c.stampati.service.StampatiService - Starting to process stampati for legislatura 19 and format HTML
21:33:07.468 INFO  i.c.stampati.service.StampatiService - Processed 27 stampati to process
21:33:07.468 DEBUG i.c.s.controller.StampatiController - Found 27 stampati to process.
21:33:08.807 DEBUG i.c.s.controller.StampatiController - Entering StampatoController newToProcess method with leg: 19, format: pdf
21:33:08.808 INFO  i.c.stampati.service.StampatiService - Starting to process stampati for legislatura 19 and format PDF
21:33:08.813 INFO  i.c.stampati.service.StampatiService - Processed 19 stampati to process
21:33:08.813 DEBUG i.c.s.controller.StampatiController - Found 19 stampati to process.
21:33:09.736 INFO  i.c.s.controller.UtilityController - Request preview of: 19PDL0111470.pdf
21:34:16.425 INFO  i.c.stampati.service.UtilityService - Latest legislature found: 19
21:34:16.425 INFO  i.c.s.controller.UtilityController - Successfully retrieved the latest legislature: 19
21:34:18.509 DEBUG i.c.s.controller.StampatiController - Entering StampatoController newToProcess method with leg: 19, format: html
21:34:18.509 INFO  i.c.stampati.service.StampatiService - Starting to process stampati for legislatura 19 and format HTML
21:34:18.511 INFO  i.c.stampati.service.StampatiService - Processed 27 stampati to process
21:34:18.511 DEBUG i.c.s.controller.StampatiController - Found 27 stampati to process.
21:34:19.585 DEBUG i.c.s.controller.StampatiController - Entering StampatoController newToProcess method with leg: 19, format: pdf
21:34:19.585 INFO  i.c.stampati.service.StampatiService - Starting to process stampati for legislatura 19 and format PDF
21:34:19.592 INFO  i.c.stampati.service.StampatiService - Processed 19 stampati to process
21:34:19.592 DEBUG i.c.s.controller.StampatiController - Found 19 stampati to process.
21:34:20.661 INFO  i.c.s.controller.UtilityController - Request preview of: 19PDL0111470.pdf
21:34:49.155 INFO  i.c.stampati.service.UtilityService - Latest legislature found: 19
21:34:49.156 INFO  i.c.s.controller.UtilityController - Successfully retrieved the latest legislature: 19
21:35:15.126 INFO  i.c.stampati.service.UtilityService - Latest legislature found: 19
21:35:15.127 INFO  i.c.s.controller.UtilityController - Successfully retrieved the latest legislature: 19
21:35:16.010 DEBUG i.c.s.controller.StampatiController - Entering StampatoController newToProcess method with leg: 19, format: html
21:35:16.011 INFO  i.c.stampati.service.StampatiService - Starting to process stampati for legislatura 19 and format HTML
21:35:16.015 INFO  i.c.stampati.service.StampatiService - Processed 27 stampati to process
21:35:16.015 DEBUG i.c.s.controller.StampatiController - Found 27 stampati to process.
21:35:17.344 DEBUG i.c.s.controller.StampatiController - Entering StampatoController newToProcess method with leg: 19, format: pdf
21:35:17.344 INFO  i.c.stampati.service.StampatiService - Starting to process stampati for legislatura 19 and format PDF
21:35:17.348 INFO  i.c.stampati.service.StampatiService - Processed 19 stampati to process
21:35:17.348 DEBUG i.c.s.controller.StampatiController - Found 19 stampati to process.
21:35:18.319 INFO  i.c.s.controller.UtilityController - Request preview of: 19PDL0111470.pdf
21:36:37.183 INFO  i.c.stampati.service.UtilityService - Latest legislature found: 19
21:36:37.184 INFO  i.c.s.controller.UtilityController - Successfully retrieved the latest legislature: 19
21:36:38.405 DEBUG i.c.s.controller.StampatiController - Entering StampatoController newToProcess method with leg: 19, format: html
21:36:38.405 INFO  i.c.stampati.service.StampatiService - Starting to process stampati for legislatura 19 and format HTML
21:36:38.411 INFO  i.c.stampati.service.StampatiService - Processed 27 stampati to process
21:36:38.411 DEBUG i.c.s.controller.StampatiController - Found 27 stampati to process.
21:36:39.439 DEBUG i.c.s.controller.StampatiController - Entering StampatoController newToProcess method with leg: 19, format: pdf
21:36:39.439 INFO  i.c.stampati.service.StampatiService - Starting to process stampati for legislatura 19 and format PDF
21:36:39.448 INFO  i.c.stampati.service.StampatiService - Processed 19 stampati to process
21:36:39.449 DEBUG i.c.s.controller.StampatiController - Found 19 stampati to process.
21:36:40.687 INFO  i.c.s.controller.UtilityController - Request preview of: 19PDL0111470.pdf
21:37:05.065 INFO  i.c.stampati.service.UtilityService - Latest legislature found: 19
21:37:05.065 INFO  i.c.s.controller.UtilityController - Successfully retrieved the latest legislature: 19
21:37:06.563 DEBUG i.c.s.controller.StampatiController - Entering StampatoController newToProcess method with leg: 19, format: html
21:37:06.563 INFO  i.c.stampati.service.StampatiService - Starting to process stampati for legislatura 19 and format HTML
21:37:06.567 INFO  i.c.stampati.service.StampatiService - Processed 27 stampati to process
21:37:06.567 DEBUG i.c.s.controller.StampatiController - Found 27 stampati to process.
21:37:07.525 DEBUG i.c.s.controller.StampatiController - Entering StampatoController newToProcess method with leg: 19, format: pdf
21:37:07.525 INFO  i.c.stampati.service.StampatiService - Starting to process stampati for legislatura 19 and format PDF
21:37:07.532 INFO  i.c.stampati.service.StampatiService - Processed 19 stampati to process
21:37:07.532 DEBUG i.c.s.controller.StampatiController - Found 19 stampati to process.
21:37:08.490 INFO  i.c.s.controller.UtilityController - Request preview of: 19PDL0111470.pdf
21:37:56.238 INFO  i.c.s.controller.UtilityController - Request preview of: 19PDL0111470.pdf
21:38:02.479 DEBUG i.c.s.controller.StampatiController - Entering StampatoController newToProcess method with leg: 19, format: pdf
21:38:02.480 INFO  i.c.stampati.service.StampatiService - Starting to process stampati for legislatura 19 and format PDF
21:38:02.487 INFO  i.c.stampati.service.StampatiService - Processed 19 stampati to process
21:38:02.487 DEBUG i.c.s.controller.StampatiController - Found 19 stampati to process.
21:38:03.602 INFO  i.c.s.controller.UtilityController - Request preview of: 19PDL0111470.pdf
21:38:09.636 INFO  i.c.s.controller.UtilityController - Request preview of: 19PDL0111470.pdf
21:38:46.879 INFO  i.c.stampati.service.UtilityService - Latest legislature found: 19
21:38:46.880 INFO  i.c.s.controller.UtilityController - Successfully retrieved the latest legislature: 19
21:38:56.004 DEBUG i.c.s.controller.StampatiController - Entering StampatoController newToProcess method with leg: 19, format: html
21:38:56.004 INFO  i.c.stampati.service.StampatiService - Starting to process stampati for legislatura 19 and format HTML
21:38:56.009 INFO  i.c.stampati.service.StampatiService - Processed 27 stampati to process
21:38:56.009 DEBUG i.c.s.controller.StampatiController - Found 27 stampati to process.
21:38:56.937 DEBUG i.c.s.controller.StampatiController - Entering StampatoController newToProcess method with leg: 19, format: pdf
21:38:56.937 INFO  i.c.stampati.service.StampatiService - Starting to process stampati for legislatura 19 and format PDF
21:38:56.944 INFO  i.c.stampati.service.StampatiService - Processed 19 stampati to process
21:38:56.944 DEBUG i.c.s.controller.StampatiController - Found 19 stampati to process.
21:38:58.930 INFO  i.c.s.controller.UtilityController - Request preview of: 19PDL0125600.pdf
21:39:17.400 INFO  i.c.stampati.service.UtilityService - Latest legislature found: 19
21:39:17.400 INFO  i.c.s.controller.UtilityController - Successfully retrieved the latest legislature: 19
21:40:17.482 INFO  i.c.stampati.service.UtilityService - Latest legislature found: 19
21:40:17.483 INFO  i.c.s.controller.UtilityController - Successfully retrieved the latest legislature: 19
21:40:21.666 DEBUG i.c.s.controller.StampatiController - Entering StampatoController newToProcess method with leg: 19, format: html
21:40:21.667 INFO  i.c.stampati.service.StampatiService - Starting to process stampati for legislatura 19 and format HTML
21:40:21.671 INFO  i.c.stampati.service.StampatiService - Processed 27 stampati to process
21:40:21.671 DEBUG i.c.s.controller.StampatiController - Found 27 stampati to process.
21:40:22.878 DEBUG i.c.s.controller.StampatiController - Entering StampatoController newToProcess method with leg: 19, format: pdf
21:40:22.878 INFO  i.c.stampati.service.StampatiService - Starting to process stampati for legislatura 19 and format PDF
21:40:22.884 INFO  i.c.stampati.service.StampatiService - Processed 19 stampati to process
21:40:22.885 DEBUG i.c.s.controller.StampatiController - Found 19 stampati to process.
21:40:24.068 INFO  i.c.s.controller.UtilityController - Request preview of: 19PDL0111100.pdf
21:40:28.224 INFO  i.c.s.controller.UtilityController - Request preview of: 19PDL0111470.pdf
21:40:31.645 INFO  i.c.s.controller.UtilityController - Request preview of: 19PDL0111100.pdf
21:41:28.686 INFO  i.c.stampati.service.UtilityService - Latest legislature found: 19
21:41:28.686 INFO  i.c.s.controller.UtilityController - Successfully retrieved the latest legislature: 19
21:41:39.318 INFO  i.c.stampati.service.UtilityService - Latest legislature found: 19
21:41:39.318 INFO  i.c.s.controller.UtilityController - Successfully retrieved the latest legislature: 19
21:43:21.002 INFO  i.c.stampati.service.UtilityService - Latest legislature found: 19
21:43:21.003 INFO  i.c.s.controller.UtilityController - Successfully retrieved the latest legislature: 19
21:43:23.810 DEBUG i.c.s.controller.StampatiController - Entering StampatoController newToProcess method with leg: 19, format: html
21:43:23.810 INFO  i.c.stampati.service.StampatiService - Starting to process stampati for legislatura 19 and format HTML
21:43:23.816 INFO  i.c.stampati.service.StampatiService - Processed 27 stampati to process
21:43:23.817 DEBUG i.c.s.controller.StampatiController - Found 27 stampati to process.
21:43:24.759 DEBUG i.c.s.controller.StampatiController - Entering StampatoController newToProcess method with leg: 19, format: pdf
21:43:24.759 INFO  i.c.stampati.service.StampatiService - Starting to process stampati for legislatura 19 and format PDF
21:43:24.767 INFO  i.c.stampati.service.StampatiService - Processed 19 stampati to process
21:43:24.767 DEBUG i.c.s.controller.StampatiController - Found 19 stampati to process.
21:43:26.053 INFO  i.c.s.controller.UtilityController - Request preview of: 19PDL0111100.pdf
21:44:35.552 INFO  i.c.s.controller.UtilityController - Request preview of: 19PDL0103760.pdf
21:45:10.847 INFO  i.c.stampati.service.UtilityService - Latest legislature found: 19
21:45:10.847 INFO  i.c.s.controller.UtilityController - Successfully retrieved the latest legislature: 19
21:45:11.967 DEBUG i.c.s.controller.StampatiController - Entering StampatoController newToProcess method with leg: 19, format: html
21:45:11.967 INFO  i.c.stampati.service.StampatiService - Starting to process stampati for legislatura 19 and format HTML
21:45:11.972 INFO  i.c.stampati.service.StampatiService - Processed 27 stampati to process
21:45:11.972 DEBUG i.c.s.controller.StampatiController - Found 27 stampati to process.
21:45:13.000 DEBUG i.c.s.controller.StampatiController - Entering StampatoController newToProcess method with leg: 19, format: pdf
21:45:13.000 INFO  i.c.stampati.service.StampatiService - Starting to process stampati for legislatura 19 and format PDF
21:45:13.008 INFO  i.c.stampati.service.StampatiService - Processed 19 stampati to process
21:45:13.008 DEBUG i.c.s.controller.StampatiController - Found 19 stampati to process.
21:45:14.952 INFO  i.c.s.controller.UtilityController - Request preview of: 19PDL0109950.pdf
21:45:28.284 INFO  i.c.stampati.service.UtilityService - Latest legislature found: 19
21:45:28.284 INFO  i.c.s.controller.UtilityController - Successfully retrieved the latest legislature: 19
21:45:28.893 DEBUG i.c.s.controller.StampatiController - Entering StampatoController newToProcess method with leg: 19, format: html
21:45:28.893 INFO  i.c.stampati.service.StampatiService - Starting to process stampati for legislatura 19 and format HTML
21:45:28.898 INFO  i.c.stampati.service.StampatiService - Processed 27 stampati to process
21:45:28.898 DEBUG i.c.s.controller.StampatiController - Found 27 stampati to process.
21:45:29.917 DEBUG i.c.s.controller.StampatiController - Entering StampatoController newToProcess method with leg: 19, format: pdf
21:45:29.917 INFO  i.c.stampati.service.StampatiService - Starting to process stampati for legislatura 19 and format PDF
21:45:29.926 INFO  i.c.stampati.service.StampatiService - Processed 19 stampati to process
21:45:29.926 DEBUG i.c.s.controller.StampatiController - Found 19 stampati to process.
21:45:31.102 INFO  i.c.s.controller.UtilityController - Request preview of: 19PDL0103760.pdf
21:49:50.541 INFO  o.b.c.a.StaticComponentContainer - (StaticComponentContainer.java:391) - ... Waiting for all tasks ending
21:49:50.542 INFO  o.b.c.a.StaticComponentContainer - (StaticComponentContainer.java:397) - Closing all component containers
21:49:50.543 INFO  o.b.c.a.StaticComponentContainer - (StaticComponentContainer.java:403) - Closing FileSystemHelper
21:49:50.543 INFO  o.b.c.a.StaticComponentContainer - (StaticComponentContainer.java:409) - ... Waiting for all tasks ending before shutting down the BackgroundExecutor
21:49:50.543 INFO  o.b.c.a.StaticComponentContainer - (StaticComponentContainer.java:414) - Shutting down BackgroundExecutor
21:49:50.543 INFO  o.b.c.a.StaticComponentContainer - (StaticComponentContainer.java:420) - Stopping all threads monitoring thread
21:49:50.543 INFO  o.b.c.a.StaticComponentContainer - (StaticComponentContainer.java:425) - Closing ThreadHolder
21:49:50.544 INFO  o.b.c.a.StaticComponentContainer - (StaticComponentContainer.java:430) - Shutting down ThreadSupplier
21:49:50.547 INFO  com.zaxxer.hikari.HikariDataSource - HikariPool-1 - Shutdown initiated...
21:49:50.547 INFO  com.zaxxer.hikari.HikariDataSource - HikariPool-1 - Shutdown completed.
